crm-db-init  | Waiting for SQL Server to accept connections...
crm-db-init  | Changed database context to 'master'.
crm-db-init  | Msg 5011, Level 14, State 7, Server 452ae3cc27e4, Line 10
crm-db-init  | User does not have permission to alter database 'DoAnPhanMem_Nhom8', the database does not exist, or the database is not in a state that allows access checks.
crm-db-init  | Msg 5069, Level 16, State 1, Server 452ae3cc27e4, Line 10
crm-db-init  | ALTER DATABASE statement failed.
crm-db-init  | Msg 5170, Level 16, State 4, Server d314f8763a3f, Line 3
crm-db-init  | Cannot create file '/var/opt/mssql/data/DoAnPhanMem_Nhom8.mdf' because it already exists. Change the file path or the file name, and retry the operation.
crm-db-init  | Msg 1802, Level 16, State 4, Server d314f8763a3f, Line 3
crm-db-init  | CREATE DATABASE failed. Some file names listed could not be created. Check related errors.
crm-db-init  | Msg 911, Level 16, State 1, Server d314f8763a3f, Line 1
crm-db-init  | Database 'DoAnPhanMem_Nhom8' does not exist. Make sure that the name is entered correctly.
crm-db-init  | 
crm-db-init  | (1 rows affected)
crm-db-init  | 
crm-db-init  | (3 rows affected)
crm-db-init  | 
crm-db-init  | (3 rows affected)
crm-db-init  | 
crm-db-init  | (3 rows affected)
crm-db-init  | 
crm-db-init  | (5 rows affected)
crm-db-init  | 
crm-db-init  | (5 rows affected)
crm-db-init  | 
crm-db-init  | (4 rows affected)
crm-db-init  | 
crm-db-init  | (4 rows affected)
crm-db-init  | 
crm-db-init  | (5 rows affected)
crm-db-init  | 
crm-db-init  | (5 rows affected)
crm-db-init  | 
crm-db-init  | (3 rows affected)
crm-db-init  | 
crm-db-init  | (5 rows affected)
crm-db-init  | 
crm-db-init  | (5 rows affected)
crm-db-init  | 
crm-db-init  | (3 rows affected)
crm-db-init  | 
crm-db-init  | (4 rows affected)
crm-db-init  | 
crm-db-init  | (3 rows affected)
crm-db-init  | 
crm-db-init  | (3 rows affected)
crm-db-init  | SoNgayConLai
crm-db-init  | ------------
crm-db-init  |           30
crm-db-init  | 
crm-db-init  | (1 rows affected)
crm-db-init  | maKhachHang SoNgayConLai
crm-db-init  | ----------- ------------
crm-db-init  |           1           30
crm-db-init  |           2           14
crm-db-init  |           3         NULL
crm-db-init  |           4            7
crm-db-init  |           5           21
crm-db-init  | 
crm-db-init  | (5 rows affected)
crm-db-init  | ROI         
crm-db-init  | ------------
crm-db-init  |       200.00
crm-db-init  | 
crm-db-init  | (1 rows affected)
crm-db-init  | maChienDich ROI         
crm-db-init  | ----------- ------------
crm-db-init  |           1       900.00
crm-db-init  |           2       200.00
crm-db-init  |           3      -100.00
crm-db-init  | 
crm-db-init  | (3 rows affected)
crm-db-init  | SoTuongTac 
crm-db-init  | -----------
crm-db-init  |           1
crm-db-init  | 
crm-db-init  | (1 rows affected)
crm-db-init  | maKhachHang TuongTac30Ngay
crm-db-init  | ----------- --------------
crm-db-init  |           1              1
crm-db-init  |           2              1
crm-db-init  |           3              1
crm-db-init  |           4              1
crm-db-init  |           5              1
crm-db-init  | 
crm-db-init  | (5 rows affected)
crm-db-init  |            
crm-db-init  | -----------
crm-db-init  |           0
crm-db-init  | 
crm-db-init  | (1 rows affected)
crm-db-init  | SoKhachHang
crm-db-init  | -----------
crm-db-init  |           3
crm-db-init  | 
crm-db-init  | (1 rows affected)
crm-db-init  | maNhanVien  SoKhachHang
crm-db-init  | ----------- -----------
crm-db-init  |           1           0
crm-db-init  |           2           0
crm-db-init  |           3           3
crm-db-init  |           4           2
crm-db-init  | 
crm-db-init  | (4 rows affected)
crm-db-init  | maChienDich tenChienDich                                                                                                                                                                                             TyLeChuyenDoi
crm-db-init  | ----------- -------------------------------------------------------------------------------------------------------------------------------------------------------------------------------------------------------- -------------
crm-db-init  |           1 Email Marketing Q1 2025                                                                                                                                                                                          50.00
crm-db-init  |           2 Facebook Ads T4 2025                                                                                                                                                                                            100.00
crm-db-init  |           3 Zalo CRM Campaign 2025                                                                                                                                                                                             .00
crm-db-init  | 
crm-db-init  | (3 rows affected)
crm-db-init  | ===== TEST SP01: sp_ThemKhachHang =====
crm-db-init  | KetQua ThongBao                    maKhachHang
crm-db-init  | ------ --------------------------- -----------
crm-db-init  | OK     Thêm khách hàng thành công.           6
crm-db-init  | maKhachHang maNguoiPhuTrach maNganhNghe maNguonKH   maPhuongXa  hoTen                                                                                                email                                                                                                                                                  soDienThoai     gioiTinh   ngaySinh         congTy                                                                                                                                                 chucVuTaiCongTy                                                                                      websiteCongTy                                                                                                                                                                                                                                                   diaChiChiTiet                                                                                                                                                                                                                                                   trangThaiKhach                                     diemTiemNang ngayBatDauDungThu soNgayDungThu trangThaiDungThu               daXoa lyDoXoa                                                                                                                                                                                                  ngayXoa                 ngayTao                 ngayCapNhat            
crm-db-init  | ----------- --------------- ----------- ----------- ----------- ---------------------------------------------------------------------------------------------------- ------------------------------------------------------------------------------------------------------------------------------------------------------ --------------- ---------- ---------------- ------------------------------------------------------------------------------------------------------------------------------------------------------ ---------------------------------------------------------------------------------------------------- --------------------------------------------------------------------------------------------------------------------------------------------------------------------------------------------------------------------------------------------------------------- --------------------------------------------------------------------------------------------------------------------------------------------------------------------------------------------------------------------------------------------------------------- -------------------------------------------------- ------------ ----------------- ------------- ------------------------------ ----- -------------------------------------------------------------------------------------------------------------------------------------------------------------------------------------------------------- ----------------------- ----------------------- -----------------------
crm-db-init  |           6               3           1           5           1 Khách Hàng Test SP01                                                                                 test_sp01@crm.vn                                                                                                                                       0911999991      Nam              1998-01-01 Công ty Test SP01                                                                                                                                      Giám đốc                                                                                             NULL                                                                                                                                                                                                                                                            123 Hải Châu, Đà Nẵng                                                                                                                                                                                                                                           Người truy cập                                                0              NULL             0 Chưa dùng thử                      0 NULL                                                                                                                                                                                                                        NULL 2026-06-08 06:19:19.270 2026-06-08 06:19:19.270
crm-db-init  | 
crm-db-init  | (1 rows affected)
crm-db-init  | maThongBao  maNhanVien  tieuDe                                                                                                                                                                                                   noiDung                                                                                                                                                                                                                                                                                                                                                                                                                                                                                                              loaiThongBao                                       daDoc duongDanLienKet                                                                                                                                                                                                                                                 thoiGianTao            
crm-db-init  | ----------- ----------- -------------------------------------------------------------------------------------------------------------------------------------------------------------------------------------------------------- -------------------------------------------------------------------------------------------------------------------------------------------------------------------------------------------------------------------------------------------------------------------------------------------------------------------------------------------------------------------------------------------------------------------------------------------------------------------------------------------------------------------- -------------------------------------------------- ----- --------------------------------------------------------------------------------------------------------------------------------------------------------------------------------------------------------------------------------------------------------------- -----------------------
crm-db-init  |           1           3 Khách hàng mới được phân công                                                                                                                                                                            Bạn vừa được phân công phụ trách khách hàng: Khách Hàng Test SP01                                                                                                                                                                                                                                                                                                                                                                                                                                                    Phân công                                              0 NULL                                                                                                                                                                                                                                                            2026-06-08 06:19:19.290
crm-db-init  | 
crm-db-init  | (1 rows affected)
crm-db-init  | ===== TEST SP02: sp_CapNhatTrangThaiKhachHang =====
crm-db-init  | KetQua ThongBao                       
crm-db-init  | ------ -------------------------------
crm-db-init  | OK     Cập nhật trạng thái thành công.
crm-db-init  | maKhachHang hoTen                                                                                                trangThaiKhach                                     ngayCapNhat            
crm-db-init  | ----------- ---------------------------------------------------------------------------------------------------- -------------------------------------------------- -----------------------
crm-db-init  |           1 Công ty ABC                                                                                          KH triển vọng                                      2026-06-08 06:19:19.350
crm-db-init  | 
crm-db-init  | (1 rows affected)
crm-db-init  | maTuongTac  maKhachHang maNhanVien  loaiTuongTac                                       tieuDe                                                                                                                                                                                                   noiDung                                                                                                                                                                                                                                                          kenhLienLac                                        ketQua                                             thoiGianTao             ngayCapNhat            
crm-db-init  | ----------- ----------- ----------- -------------------------------------------------- -------------------------------------------------------------------------------------------------------------------------------------------------------------------------------------------------------- ---------------------------------------------------------------------------------------------------------------------------------------------------------------------------------------------------------------------------------------------------------------- -------------------------------------------------- -------------------------------------------------- ----------------------- -----------------------
crm-db-init  |           6           1           3 Gặp mặt                                            Phân loại khách hàng                                                                                                                                                                                     Chuyển trạng thái từ [KH tiềm năng mới] sang [KH triển vọng]. Ghi chú: Test cập nhật trạng thái từ SP02                                                                                                                                                          NULL                                               Thành công                                         2026-06-08 06:19:19.357 2026-06-08 06:19:19.357
crm-db-init  | 
crm-db-init  | (1 rows affected)
crm-db-init  | maLichSu    maKhachHang trangThaiTruoc                                     trangThaiSau                                       ngayThayDoi            
crm-db-init  | ----------- ----------- -------------------------------------------------- -------------------------------------------------- -----------------------
crm-db-init  | 
crm-db-init  | (0 rows affected)
crm-db-init  | ===== TEST SP04: sp_TaoChienDich =====
crm-db-init  | KetQua ThongBao                   maChienDich
crm-db-init  | ------ -------------------------- -----------
crm-db-init  | OK     Tạo chiến dịch thành công.           4
crm-db-init  | maChienDich maNguoiQuanLy tenChienDich                                                                                                                                                                                             moTa                                                                                                                                                                                                                                                             mucTieu                                                                                                                                                                                                                                                          loaiChienDich                                      ngayBatDau       ngayKetThuc      nganSach          doanhThuThucTe    trangThaiChienDich                                 daXoa lyDoXoa                                                                                                                                                                                                  ngayXoa                 ngayTao                 ngayCapNhat            
crm-db-init  | ----------- ------------- -------------------------------------------------------------------------------------------------------------------------------------------------------------------------------------------------------- ---------------------------------------------------------------------------------------------------------------------------------------------------------------------------------------------------------------------------------------------------------------- ---------------------------------------------------------------------------------------------------------------------------------------------------------------------------------------------------------------------------------------------------------------- -------------------------------------------------- ---------------- ---------------- ----------------- ----------------- -------------------------------------------------- ----- -------------------------------------------------------------------------------------------------------------------------------------------------------------------------------------------------------- ----------------------- ----------------------- -----------------------
crm-db-init  |           4             2 Chiến dịch Test SP04                                                                                                                                                                                     Chiến dịch dùng để kiểm thử SP04                                                                                                                                                                                                                                 Tăng số lượng khách hàng tiềm năng                                                                                                                                                                                                                               Email                                                    2026-05-01       2026-05-31       15000000.00               .00 Lên kế hoạch                                           0 NULL                                                                                                                                                                                                                        NULL 2026-06-08 06:19:19.433 2026-06-08 06:19:19.433
crm-db-init  | 
crm-db-init  | (1 rows affected)
crm-db-init  | ===== TEST SP05: sp_KhoiPhucKhachHang =====
crm-db-init  | 
crm-db-init  | (1 rows affected)
crm-db-init  | maKhachHang hoTen                                                                                                daXoa lyDoXoa                                                                                                                                                                                                  ngayXoa                
crm-db-init  | ----------- ---------------------------------------------------------------------------------------------------- ----- -------------------------------------------------------------------------------------------------------------------------------------------------------------------------------------------------------- -----------------------
crm-db-init  |           5 Phạm Thị Em                                                                                              1 Test xóa mềm để kiểm thử SP05                                                                                                                                                                            2026-06-08 06:19:19.480
crm-db-init  | 
crm-db-init  | (1 rows affected)
crm-db-init  | KetQua ThongBao                        
crm-db-init  | ------ --------------------------------
crm-db-init  | OK     Khôi phục khách hàng thành công.
crm-db-init  | maKhachHang hoTen                                                                                                daXoa lyDoXoa                                                                                                                                                                                                  ngayXoa                 ngayCapNhat            
crm-db-init  | ----------- ---------------------------------------------------------------------------------------------------- ----- -------------------------------------------------------------------------------------------------------------------------------------------------------------------------------------------------------- ----------------------- -----------------------
crm-db-init  |           5 Phạm Thị Em                                                                                              0 NULL                                                                                                                                                                                                                        NULL 2026-06-08 06:19:19.500
crm-db-init  | 
crm-db-init  | (1 rows affected)
crm-db-init  | KetQua ThongBao                          
crm-db-init  | ------ ----------------------------------
crm-db-init  | OK     Gộp dữ liệu khách hàng thành công.
crm-db-init  | maKhachHang hoTen                                                                                                daXoa lyDoXoa                                                                                                                                                                                                 
crm-db-init  | ----------- ---------------------------------------------------------------------------------------------------- ----- --------------------------------------------------------------------------------------------------------------------------------------------------------------------------------------------------------
crm-db-init  |           1 Công ty ABC                                                                                              0 NULL                                                                                                                                                                                                    
crm-db-init  |           4 Lê Hoàng Dũng                                                                                            1 Gộp vào khách hàng #1                                                                                                                                                                                   
crm-db-init  | 
crm-db-init  | (2 rows affected)
crm-db-init  | maTuongTac  maKhachHang maNhanVien  loaiTuongTac                                       tieuDe                                                                                                                                                                                                   noiDung                                                                                                                                                                                                                                                          kenhLienLac                                        ketQua                                             thoiGianTao             ngayCapNhat            
crm-db-init  | ----------- ----------- ----------- -------------------------------------------------- -------------------------------------------------------------------------------------------------------------------------------------------------------------------------------------------------------- ---------------------------------------------------------------------------------------------------------------------------------------------------------------------------------------------------------------------------------------------------------------- -------------------------------------------------- -------------------------------------------------- ----------------------- -----------------------
crm-db-init  |           1           1           3 Gọi điện                                           Tư vấn sản phẩm                                                                                                                                                                                          Đã tư vấn gói Enterprise cho ABC Corp                                                                                                                                                                                                                            NULL                                               Thành công                                         2026-06-08 06:19:18.967 2026-06-08 06:19:18.967
crm-db-init  |           4           1           4 Nhắn tin                                           Follow up                                                                                                                                                                                                Nhắn tin qua Zalo hỏi thăm nhu cầu                                                                                                                                                                                                                               NULL                                               Cần theo dõi                                       2026-06-08 06:19:18.967 2026-06-08 06:19:18.967
crm-db-init  |           6           1           3 Gặp mặt                                            Phân loại khách hàng                                                                                                                                                                                     Chuyển trạng thái từ [KH tiềm năng mới] sang [KH triển vọng]. Ghi chú: Test cập nhật trạng thái từ SP02                                                                                                                                                          NULL                                               Thành công                                         2026-06-08 06:19:19.357 2026-06-08 06:19:19.357
crm-db-init  | 
crm-db-init  | (3 rows affected)
crm-db-init  | maNhacNho   maKhachHang maNhanVien  tieuDe                                                                                                                                                                                                   moTa                                                                                                                                                                                                                                                                                                                                                                                                                                                                                                                 loaiNhacNho                                        thoiGianNhac            nhacTruocPhut trangThaiNhacNho                                   ketQua                                             ghiChuKetQua                                                                                                                                                                                                                                                                                                                                                                                                                                                                                                         ngayTao                 ngayCapNhat            
crm-db-init  | ----------- ----------- ----------- -------------------------------------------------------------------------------------------------------------------------------------------------------------------------------------------------------- -------------------------------------------------------------------------------------------------------------------------------------------------------------------------------------------------------------------------------------------------------------------------------------------------------------------------------------------------------------------------------------------------------------------------------------------------------------------------------------------------------------------- -------------------------------------------------- ----------------------- ------------- -------------------------------------------------- -------------------------------------------------- -------------------------------------------------------------------------------------------------------------------------------------------------------------------------------------------------------------------------------------------------------------------------------------------------------------------------------------------------------------------------------------------------------------------------------------------------------------------------------------------------------------------- ----------------------- -----------------------
crm-db-init  |           2           1           4 Demo sản phẩm Trường                                                                                                                                                                                     NULL                                                                                                                                                                                                                                                                                                                                                                                                                                                                                                                 Gặp mặt                                            2026-06-15 06:19:19.013            30 Chờ xử lý                                          NULL                                               NULL                                                                                                                                                                                                                                                                                                                                                                                                                                                                                                                 2026-06-08 06:19:19.013 2026-06-08 06:19:19.013
crm-db-init  | 
crm-db-init  | (1 rows affected)
crm-db-init  | TongKhachHang KHTiemNangMoi KHChinhThuc KHDangDungThu ChienDichDangChay NhacNhoSapDen TongDoanhThuDatDuoc                     
crm-db-init  | ------------- ------------- ----------- ------------- ----------------- ------------- ----------------------------------------
crm-db-init  |             5             0           1             3                 1             0                             165000000.00
crm-db-init  | KetQua ThongBao                  maTaiKhoan  maNhanVien                              
crm-db-init  | ------ ------------------------- ----------- ----------------------------------------
crm-db-init  | OK     Tạo tài khoản thành công.           5                                        5
crm-db-init  | KetQua ThongBao                  
crm-db-init  | ------ --------------------------
crm-db-init  | Lỗi    Email này đã được sử dụng.
crm-db-init  | maTaiKhoan  maVaiTro    email                                                                                                                                                  matKhau                                                                                                                                                                                                                                                         maXacThucOTP                                                                                                                                                                                                                                                    thoiHanOTP              lanDangNhapSai thoiGianKhoaTam         trangThai            ngayTao                 ngayCapNhat             lanDangNhapCuoi        
crm-db-init  | ----------- ----------- ------------------------------------------------------------------------------------------------------------------------------------------------------ --------------------------------------------------------------------------------------------------------------------------------------------------------------------------------------------------------------------------------------------------------------- --------------------------------------------------------------------------------------------------------------------------------------------------------------------------------------------------------------------------------------------------------------- ----------------------- -------------- ----------------------- -------------------- ----------------------- ----------------------- -----------------------
crm-db-init  |           1           1 admin@gmail.com                                                                                                                                        $2a$10$BC.NFoDH3Kc39VaNL/w1T.a.s4uu27vhY.GtEIbTrYgviGCQXvlya                                                                                                                                                                                                    NULL                                                                                                                                                                                                                                                                               NULL              0                    NULL Hoạt động            2026-06-08 06:19:18.690 2026-06-08 06:19:18.690                    NULL
crm-db-init  |           2           2 anhthu@gmail.com                                                                                                                                       $2a$10$5UPARL4zd7gt5E9dh3k29O8W/VOuCC4vlbLZB/WYzVYtX3Gp0a0ZK                                                                                                                                                                                                    NULL                                                                                                                                                                                                                                                                               NULL              0                    NULL Hoạt động            2026-06-08 06:19:18.690 2026-06-08 06:19:18.690                    NULL
crm-db-init  |           3           3 nv01@crm.vn                                                                                                                                            $2a$10$V0ERJCZ5a7Sdd.qtDdUTkemI1a9lHnHI.8HZbu7pJMKgDRe9suVQC                                                                                                                                                                                                    NULL                                                                                                                                                                                                                                                                               NULL              0                    NULL Hoạt động            2026-06-08 06:19:18.690 2026-06-08 06:19:18.690                    NULL
crm-db-init  |           4           3 nv02@crm.vn                                                                                                                                            $2a$10$q4PJYjZKXo4S1k6xbKXCTeaw1UaL/RB7gsdIQMmOio.zcjGy0QYeu                                                                                                                                                                                                    NULL                                                                                                                                                                                                                                                                               NULL              0                    NULL Hoạt động            2026-06-08 06:19:18.690 2026-06-08 06:19:18.690                    NULL
crm-db-init  |           5           3 minhchien123@gmail.vn                                                                                                                                  matkhau123                                                                                                                                                                                                                                                      NULL                                                                                                                                                                                                                                                                               NULL              0                    NULL Hoạt động            2026-06-08 06:19:19.800 2026-06-08 06:19:19.800                    NULL
crm-db-init  | 
crm-db-init  | (5 rows affected)
crm-db-init  | maNhanVien  maTaiKhoan  hoTen                                                                                                soDienThoai     chucVu                                                                                               anhDaiDien                                                                                                                                                                                                                                                      maPhuongXa  diaChiChiTiet                                                                                                                                                                                                                                                   ngaySinh         gioiTinh   ngayVaoLam       ghiChu                                                                                                                                                                                                                                                                                                                                                                                                                                                                                                               ngayTao                 ngayCapNhat            
crm-db-init  | ----------- ----------- ---------------------------------------------------------------------------------------------------- --------------- ---------------------------------------------------------------------------------------------------- --------------------------------------------------------------------------------------------------------------------------------------------------------------------------------------------------------------------------------------------------------------- ----------- --------------------------------------------------------------------------------------------------------------------------------------------------------------------------------------------------------------------------------------------------------------- ---------------- ---------- ---------------- -------------------------------------------------------------------------------------------------------------------------------------------------------------------------------------------------------------------------------------------------------------------------------------------------------------------------------------------------------------------------------------------------------------------------------------------------------------------------------------------------------------------- ----------------------- -----------------------
crm-db-init  |           1           1 Admin                                                                                                0901000001      Quản trị viên                                                                                        NULL                                                                                                                                                                                                                                                                      1 NULL                                                                                                                                                                                                                                                                        NULL NULL                   NULL NULL                                                                                                                                                                                                                                                                                                                                                                                                                                                                                                                 2026-06-08 06:19:18.703 2026-06-08 06:19:18.703
crm-db-init  |           2           2 Nguyễn Hoàng Anh Thư                                                                                 0902000002      Trưởng phòng Marketing                                                                               NULL                                                                                                                                                                                                                                                                      1 NULL                                                                                                                                                                                                                                                                        NULL NULL                   NULL NULL                                                                                                                                                                                                                                                                                                                                                                                                                                                                                                                 2026-06-08 06:19:18.703 2026-06-08 06:19:18.703
crm-db-init  |           3           3 Nhân Viên 01                                                                                         0903000003      Nhân viên Marketing                                                                                  NULL                                                                                                                                                                                                                                                                      2 NULL                                                                                                                                                                                                                                                                        NULL NULL                   NULL NULL                                                                                                                                                                                                                                                                                                                                                                                                                                                                                                                 2026-06-08 06:19:18.703 2026-06-08 06:19:18.703
crm-db-init  |           4           4 Nhân Viên 02                                                                                         0904000004      Nhân viên Marketing                                                                                  NULL                                                                                                                                                                                                                                                                      2 NULL                                                                                                                                                                                                                                                                        NULL NULL                   NULL NULL                                                                                                                                                                                                                                                                                                                                                                                                                                                                                                                 2026-06-08 06:19:18.703 2026-06-08 06:19:18.703
crm-db-init  |           5           5 Trần Minh Chiến                                                                                      0911222333      Nhân viên Part-time                                                                                  NULL                                                                                                                                                                                                                                                                   NULL NULL                                                                                                                                                                                                                                                                        NULL NULL                   NULL NULL                                                                                                                                                                                                                                                                                                                                                                                                                                                                                                                 2026-06-08 06:19:19.800 2026-06-08 06:19:19.800
crm-db-init  | 
crm-db-init  | (5 rows affected)
crm-db-init  | KetQua ThongBao                 maNhacNho                               
crm-db-init  | ------ ------------------------ ----------------------------------------
crm-db-init  | OK     Tạo nhắc nhở thành công.                                        4
crm-db-init  | maNhacNho   maKhachHang maNhanVien  tieuDe                                                                                                                                                                                                   moTa                                                                                                                                                                                                                                                                                                                                                                                                                                                                                                                 loaiNhacNho                                        thoiGianNhac            nhacTruocPhut trangThaiNhacNho                                   ketQua                                             ghiChuKetQua                                                                                                                                                                                                                                                                                                                                                                                                                                                                                                         ngayTao                 ngayCapNhat            
crm-db-init  | ----------- ----------- ----------- -------------------------------------------------------------------------------------------------------------------------------------------------------------------------------------------------------- -------------------------------------------------------------------------------------------------------------------------------------------------------------------------------------------------------------------------------------------------------------------------------------------------------------------------------------------------------------------------------------------------------------------------------------------------------------------------------------------------------------------- -------------------------------------------------- ----------------------- ------------- -------------------------------------------------- -------------------------------------------------- -------------------------------------------------------------------------------------------------------------------------------------------------------------------------------------------------------------------------------------------------------------------------------------------------------------------------------------------------------------------------------------------------------------------------------------------------------------------------------------------------------------------- ----------------------- -----------------------
crm-db-init  |           1           2           3 Follow up báo giá XYZ                                                                                                                                                                                    NULL                                                                                                                                                                                                                                                                                                                                                                                                                                                                                                                 Gọi điện                                           2026-06-11 06:19:19.013            30 Chờ xử lý                                          NULL                                               NULL                                                                                                                                                                                                                                                                                                                                                                                                                                                                                                                 2026-06-08 06:19:19.013 2026-06-08 06:19:19.013
crm-db-init  |           2           1           4 Demo sản phẩm Trường                                                                                                                                                                                     NULL                                                                                                                                                                                                                                                                                                                                                                                                                                                                                                                 Gặp mặt                                            2026-06-15 06:19:19.013            30 Chờ xử lý                                          NULL                                               NULL                                                                                                                                                                                                                                                                                                                                                                                                                                                                                                                 2026-06-08 06:19:19.013 2026-06-08 06:19:19.013
crm-db-init  |           3           5           3 Tư vấn phòng khám                                                                                                                                                                                        NULL                                                                                                                                                                                                                                                                                                                                                                                                                                                                                                                 Email                                              2026-06-10 06:19:19.013            30 Chờ xử lý                                          NULL                                               NULL                                                                                                                                                                                                                                                                                                                                                                                                                                                                                                                 2026-06-08 06:19:19.013 2026-06-08 06:19:19.013
crm-db-init  |           4           1           3 Gọi chốt deal gia hạn hợp đồng                                                                                                                                                                           Hỏi xem hệ thống chạy ổn định không                                                                                                                                                                                                                                                                                                                                                                                                                                                                                  Gọi điện                                           2026-07-08 06:19:19.823            30 Chờ xử lý                                          NULL                                               NULL                                                                                                                                                                                                                                                                                                                                                                                                                                                                                                                 2026-06-08 06:19:19.830 2026-06-08 06:19:19.830
crm-db-init  | 
crm-db-init  | (4 rows affected)
crm-db-init  | maThongBao  maNhanVien  tieuDe                                                                                                                                                                                                   noiDung                                                                                                                                                                                                                                                                                                                                                                                                                                                                                                              loaiThongBao                                       daDoc duongDanLienKet                                                                                                                                                                                                                                                 thoiGianTao            
crm-db-init  | ----------- ----------- -------------------------------------------------------------------------------------------------------------------------------------------------------------------------------------------------------- -------------------------------------------------------------------------------------------------------------------------------------------------------------------------------------------------------------------------------------------------------------------------------------------------------------------------------------------------------------------------------------------------------------------------------------------------------------------------------------------------------------------- -------------------------------------------------- ----- --------------------------------------------------------------------------------------------------------------------------------------------------------------------------------------------------------------------------------------------------------------- -----------------------
crm-db-init  |           1           3 Khách hàng mới được phân công                                                                                                                                                                            Bạn vừa được phân công phụ trách khách hàng: Khách Hàng Test SP01                                                                                                                                                                                                                                                                                                                                                                                                                                                    Phân công                                              0 NULL                                                                                                                                                                                                                                                            2026-06-08 06:19:19.290
crm-db-init  | 
crm-db-init  | (1 rows affected)
crm-db-init  | KetQua ThongBao                  
crm-db-init  | ------ --------------------------
crm-db-init  | OK     Gửi thông điệp thành công.
crm-db-init  | maLichSuGui maKhachHang maNhanVien  maMau       kenhGui                                            tieuDe                                                                                                                                                                                                   noiDung                                                                                                                                                                                                                                                          trangThaiGui                                       lyDoThatBai                                                                                                                                                                                                                                                                                                  thoiGianGui            
crm-db-init  | ----------- ----------- ----------- ----------- -------------------------------------------------- -------------------------------------------------------------------------------------------------------------------------------------------------------------------------------------------------------- ---------------------------------------------------------------------------------------------------------------------------------------------------------------------------------------------------------------------------------------------------------------- -------------------------------------------------- ------------------------------------------------------------------------------------------------------------------------------------------------------------------------------------------------------------------------------------------------------------------------------------------------------------ -----------------------
crm-db-init  |           1           2           3           1 Email                                              Chào mừng bạn mới                                                                                                                                                                                        Xin chào anh, cảm ơn anh đã quan tâm...                                                                                                                                                                                                                          Đã gửi                                             NULL                                                                                                                                                                                                                                                                                                         2026-06-08 06:19:19.867
crm-db-init  | 
crm-db-init  | (1 rows affected)
crm-db-init  | maMau       tieuDe                                                                                                                                                                                                   luotSuDung 
crm-db-init  | ----------- -------------------------------------------------------------------------------------------------------------------------------------------------------------------------------------------------------- -----------
crm-db-init  |           1 Chào mừng khách hàng mới                                                                                                                                                                                           1
crm-db-init  | 
crm-db-init  | (1 rows affected)
crm-db-init  | maNhanVien  hoTen                                                                                                SoKhachPhuTrach SoTuongTac  SoNhacNho   SoHopDong   TongGiaTriHopDong                       
crm-db-init  | ----------- ---------------------------------------------------------------------------------------------------- --------------- ----------- ----------- ----------- ----------------------------------------
crm-db-init  |           1 Admin                                                                                                              0           0           0           0                                      .00
crm-db-init  |           2 Nguyễn Hoàng Anh Thư                                                                                               0           0           0           0                                      .00
crm-db-init  |           3 Nhân Viên 01                                                                                                       4           0           0           0                                      .00
crm-db-init  |           4 Nhân Viên 02                                                                                                       1           0           0           0                                      .00
crm-db-init  |           5 Trần Minh Chiến                                                                                                    0           0           0           0                                      .00
crm-db-init  | maNhanVien  hoTen                                                                                                SoKhachPhuTrach SoTuongTac  SoNhacNho   SoHopDong   TongGiaTriHopDong                       
crm-db-init  | ----------- ---------------------------------------------------------------------------------------------------- --------------- ----------- ----------- ----------- ----------------------------------------
crm-db-init  |           1 Admin                                                                                                              0           0           0           0                                      .00
crm-db-init  |           2 Nguyễn Hoàng Anh Thư                                                                                               0           0           0           0                                      .00
crm-db-init  |           3 Nhân Viên 01                                                                                                       4           0           0           0                                      .00
crm-db-init  |           4 Nhân Viên 02                                                                                                       1           0           0           0                                      .00
crm-db-init  |           5 Trần Minh Chiến                                                                                                    0           0           0           0                                      .00
crm-db-init  | maKhachHang hoTen                                                                                                trangThaiKhach                                    
crm-db-init  | ----------- ---------------------------------------------------------------------------------------------------- --------------------------------------------------
crm-db-init  |           1 Công ty ABC                                                                                          KH triển vọng                                     
crm-db-init  | 
crm-db-init  | (1 rows affected)
crm-db-init  | 
crm-db-init  | (1 rows affected)
crm-db-init  | maLichSu    maKhachHang trangThaiTruoc                                     trangThaiSau                                       ngayThayDoi            
crm-db-init  | ----------- ----------- -------------------------------------------------- -------------------------------------------------- -----------------------
crm-db-init  | 
crm-db-init  | (0 rows affected)
crm-db-init  | maKhachHang hoTen                                                                                                maNguoiPhuTrach
crm-db-init  | ----------- ---------------------------------------------------------------------------------------------------- ---------------
crm-db-init  |           2 Nguyễn Văn Bình                                                                                                    3
crm-db-init  | 
crm-db-init  | (1 rows affected)
crm-db-init  | SoThongBaoTruoc
crm-db-init  | ---------------
crm-db-init  |               0
crm-db-init  | 
crm-db-init  | (1 rows affected)
crm-db-init  | 
crm-db-init  | (1 rows affected)
crm-db-init  | maThongBao  maNhanVien  tieuDe                                                                                                                                                                                                   noiDung                                                                                                                                                                                                                                                                                                                                                                                                                                                                                                              loaiThongBao                                       thoiGianTao            
crm-db-init  | ----------- ----------- -------------------------------------------------------------------------------------------------------------------------------------------------------------------------------------------------------- -------------------------------------------------------------------------------------------------------------------------------------------------------------------------------------------------------------------------------------------------------------------------------------------------------------------------------------------------------------------------------------------------------------------------------------------------------------------------------------------------------------------- -------------------------------------------------- -----------------------
crm-db-init  |           2           1 Khách hàng mới được phân công                                                                                                                                                                            Bạn được phân công phụ trách khách hàng: Nguyễn Văn Bình                                                                                                                                                                                                                                                                                                                                                                                                                                                             Phân công                                          2026-06-08 06:19:20.067
crm-db-init  | 
crm-db-init  | (1 rows affected)
crm-db-init  | SoThongBaoNhacNhoTruoc
crm-db-init  | ----------------------
crm-db-init  |                      0
crm-db-init  | 
crm-db-init  | (1 rows affected)
crm-db-init  | 
crm-db-init  | (1 rows affected)
crm-db-init  | maThongBao  maNhanVien  tieuDe                                                                                                                                                                                                   noiDung                                                                                                                                                                                                                                                                                                                                                                                                                                                                                                              loaiThongBao                                       thoiGianTao            
crm-db-init  | ----------- ----------- -------------------------------------------------------------------------------------------------------------------------------------------------------------------------------------------------------- -------------------------------------------------------------------------------------------------------------------------------------------------------------------------------------------------------------------------------------------------------------------------------------------------------------------------------------------------------------------------------------------------------------------------------------------------------------------------------------------------------------------- -------------------------------------------------- -----------------------
crm-db-init  |           3           1 Nhắc nhở mới: Gọi điện tư vấn                                                                                                                                                                            Bạn có nhắc nhở lúc 2026-06-09 06:19:20 - Loại: Gọi điện                                                                                                                                                                                                                                                                                                                                                                                                                                                             Nhắc nhở                                           2026-06-08 06:19:20.110
crm-db-init  | 
crm-db-init  | (1 rows affected)
crm-db-init  | >> TRG03: Kiểm tra ThongBao vừa có bản ghi loại Nhắc nhở.
crm-db-init  | 
crm-db-init  | (1 rows affected)
crm-db-init  | maKhachHang hoTen                                                                                                trangThaiDungThu              
crm-db-init  | ----------- ---------------------------------------------------------------------------------------------------- ------------------------------
crm-db-init  |           3 Trần Thị Cẩm                                                                                         Hết hạn dùng thử              
crm-db-init  | 
crm-db-init  | (1 rows affected)
crm-db-init  | 
crm-db-init  | (1 rows affected)
crm-db-init  | maKhachHang hoTen                                                                                                trangThaiDungThu              
crm-db-init  | ----------- ---------------------------------------------------------------------------------------------------- ------------------------------
crm-db-init  |           3 Trần Thị Cẩm                                                                                         Hết hạn dùng thử              
crm-db-init  | 
crm-db-init  | (1 rows affected)
crm-db-init  | maChienDich tenChienDich                                                                                                                                                                                             doanhThuThucTe   
crm-db-init  | ----------- -------------------------------------------------------------------------------------------------------------------------------------------------------------------------------------------------------- -----------------
crm-db-init  |           2 Facebook Ads T4 2025                                                                                                                                                                                           60000000.00
crm-db-init  | 
crm-db-init  | (1 rows affected)
crm-db-init  | maKhachHang hoTen                                                                                                trangThaiKhach                                    
crm-db-init  | ----------- ---------------------------------------------------------------------------------------------------- --------------------------------------------------
crm-db-init  |           3 Trần Thị Cẩm                                                                                         KH chính thức                                     
crm-db-init  | 
crm-db-init  | (1 rows affected)
crm-db-init  | 
crm-db-init  | (1 rows affected)
crm-db-init  | Hợp đồng vừa tạo có mã: 4
crm-db-init  | 
crm-db-init  | (1 rows affected)
crm-db-init  | maKhachHang hoTen                                                                                                trangThaiKhach                                    
crm-db-init  | ----------- ---------------------------------------------------------------------------------------------------- --------------------------------------------------
crm-db-init  |           3 Trần Thị Cẩm                                                                                         KH chính thức                                     
crm-db-init  | 
crm-db-init  | (1 rows affected)
crm-db-init  | maChienDich tenChienDich                                                                                                                                                                                             doanhThuThucTe   
crm-db-init  | ----------- -------------------------------------------------------------------------------------------------------------------------------------------------------------------------------------------------------- -----------------
crm-db-init  |           2 Facebook Ads T4 2025                                                                                                                                                                                          110000000.00
crm-db-init  | 
crm-db-init  | (1 rows affected)
crm-db-init  | Msg 1934, Level 16, State 1, Server d314f8763a3f, Line 39
crm-db-init  | CREATE INDEX failed because the following SET options have incorrect settings: 'QUOTED_IDENTIFIER'. Verify that SET options are correct for use with indexed views and/or indexes on computed columns and/or filtered indexes and/or query notifications and/or XML data type methods and/or spatial index operations.
crm-db-init  | Msg 911, Level 16, State 1, Server d314f8763a3f, Line 3
crm-db-init  | Database 'DoAnPhanMem_Nhom8' does not exist. Make sure that the name is entered correctly.
crm-db-init  | 
crm-db-init  | (1 rows affected)
crm-db-init  | 
crm-db-init  | (1 rows affected)
crm-db-init  | 
crm-db-init  | (1 rows affected)
crm-db-init  | email                                                                                                                                                                      
crm-db-init  | ------------------------------------------------------------------------------------------------------------------------------------------------------ --------------------
crm-db-init  | admin@gmail.com                                                                                                                                        $2a$10$K..lmMgIH8alg
crm-db-init  | anhthu@gmail.com                                                                                                                                       $2a$10$lk2bwA//Fv2Jy
crm-db-init  | nv01@crm.vn                                                                                                                                            $2a$10$MVWWGAhDXz096
crm-db-init  | 
crm-db-init  | (3 rows affected)
crm-db-init  | Database schema migration completed successfully!
